<?xml version="1.0" encoding="UTF-8"?>
<!-- Generated by org.testng.reporters.JUnitReportReporter -->
<testsuite hostname="DESKTOP-MJGB00F" failures="0" tests="3" name="com.crm.qa.testcases.HomePageTest" time="51.202" errors="0" timestamp="2021-03-04T15:25:33 IST" skipped="0">
  <testcase classname="com.crm.qa.testcases.HomePageTest" name="verifyHomePageTitleTest" time="17.202"/>
  <system-out/>
  <testcase classname="com.crm.qa.testcases.HomePageTest" name="verifyUserNameTest" time="15.237"/>
  <system-out/>
  <testcase classname="com.crm.qa.testcases.HomePageTest" name="verifyContactsLinkTest" time="18.763"/>
  <system-out/>
</testsuite> <!-- com.crm.qa.testcases.HomePageTest -->
