<?xml version="1.0" encoding="UTF-8"?>
<!-- Generated by org.testng.reporters.JUnitReportReporter -->
<testsuite hostname="DESKTOP-MJGB00F" failures="0" tests="3" name="com.crm.qa.testcases.LoginPageTest" time="32.914" errors="0" timestamp="2021-03-04T15:25:32 IST" skipped="0">
  <testcase classname="com.crm.qa.testcases.LoginPageTest" name="loginPageTitleTest" time="6.536"/>
  <system-out/>
  <testcase classname="com.crm.qa.testcases.LoginPageTest" name="validateCRMImage" time="6.483"/>
  <system-out/>
  <testcase classname="com.crm.qa.testcases.LoginPageTest" name="loginTest" time="19.895"/>
  <system-out/>
</testsuite> <!-- com.crm.qa.testcases.LoginPageTest -->
